-----------------
INSERT INTO `auras` VALUES
(8, 'Пульсирующая боль в ухе', '64', 0, 0, 0, 0, 0, 0, 0, 0, 0, 0, 3000, 0, 2, 0, 3, 0, 0, 's6=-5@kb=-5@', 2, 0, 0, 'А они всё стояли и орали прямо ему на ухо: &quot;Не убегайте, мы ваши друзья!&quot;.', 0),
(7, 'Нехватка сил на мыслительную деятельность', '65', 0, 0, 0, 0, 0, 0, 0, 0, 0, 0, 14400, 0, 2, 0, 4, 0, 0, 'mf1=-90@mf2=-90@', 2, 0, 0, 'Не задумывайся, БЕЙ!', 0),
(3, 'Ушиб коленки', '64', 0, 0, 0, 0, 0, 0, 0, 0, 0, 0, 1800, 0, 2, 0, 3, 0, 0, 's2=-6@s1=-2@mf2=-50@', 2, 0, 0, 'Повреждения ноги очень опасны, особенно когда футбольный матч на носу! ;-)', 0),
(4, 'Выпадение зуба', '65', 0, 0, 0, 0, 0, 0, 0, 0, 0, 0, 18600, 0, 2, 0, 4, 0, 0, 's6=-5@s4=-1@', 2, 0, 0, 'Кусаться в бою запрещается!', 0),
(5, 'Перелом мизинца', '66', 0, 0, 0, 0, 0, 0, 0, 0, 0, 0, 58500, 0, 2, 0, 5, 0, 0, 's1=-45%@s4=-20%@', 2, 0, 0, 'Кто же мизинцем в глаз то тычет?!', 0),
(6, 'Воспаление пупка(Болезненное)', '66', 0, 0, 0, 0, 0, 0, 0, 0, 0, 0, 66300, 0, 2, 0, 5, 0, 0, 'hp=-50@ma=-50@', 2, 0, 0, 'Ламбада отменяется! (((', 0),
(9, 'Опасный испуг', '64', 0, 0, 0, 0, 0, 0, 0, 0, 0, 0, 3000, 0, 2, 0, 3, 0, 0, 's2=-25%@', 2, 0, 0, 'Не бойся, всё будет чики-пуки! ;-)', 0),
(10, 'Ушиб живота с осложнением', '65', 0, 0, 0, 0, 0, 0, 0, 0, 0, 0, 23100, 0, 2, 0, 4, 0, 0, 's2=-25%@s3=-25%@', 2, 0, 0, 'Биться надо, а не пузом толкаться!', 0),
(11, 'Острый паралич ягодиц', '66', 0, 0, 0, 0, 0, 0, 0, 0, 0, 0, 60300, 0, 2, 0, 5, 0, 0, 's4=-55%@', 2, 0, 0, 'Не сидеть на холодном!', 0),
(12, 'Обморожение', '38', 0, 0, 0, 0, 0, 0, 0, 0, 0, 0, 0, 1, 1, 0, 0, 0, 0, 's1=-1@', 2, 0, 0, '', 0),
(13, 'Ожог', '09', 0, 0, 0, 0, 0, 0, 0, 0, 0, 0, 0, 0, 1, 0, 0, 0, 0, 'cma=-1%@chp=-1%@', 2, 0, 0, '', 0),
(14, 'Временная слепота', '65', 0, 0, 0, 0, 0, 0, 0, 0, 0, 0, 16200, 0, 2, 0, 4, 0, 0, 's2=-45%@s3=-25%@', 2, 0, 0, 'Это вам не песочница - песком кидаться и куличики ломать ;)', 0),
(17, 'Боль в спине', '64', 0, 0, 0, 0, 0, 0, 0, 0, 0, 0, 12600, 0, 2, 0, 3, 0, 0, 's4=-35%@s1=-12%@mf1=-15@', 2, 0, 0, 'Ваш доспех слишком тяжел! Стоит поискать что-то полегче ;)', 0),
(18, 'Ушиб головы', '64', 0, 0, 0, 0, 0, 0, 0, 0, 0, 0, 6300, 0, 2, 0, 3, 0, 0, 's5=-5@s6=-25%@mf3=-20@', 2, 0, 0, 'Проигрыш в бою не повод биться головой о стену... Не нужно так категорично :)', 0),
(16, 'Легкий порез руки', '64', 0, 0, 0, 0, 0, 0, 0, 0, 0, 0, 7200, 0, 2, 0, 3, 0, 0, 'mf4=-20@hp=-10@', 2, 0, 0, 'Холодное оружие детям не игрушка...', 0),
(19, 'Легкий ожог', '64', 0, 0, 0, 0, 0, 0, 0, 0, 0, 0, 2700, 0, 2, 0, 3, 0, 0, 'mf4=-15@hp=-10@s2=-12%@', 2, 0, 0, 'Запомните: огнем стрелять нужно в противника, а не в себя!', 0),
(20, 'Першение в горле', '64', 0, 0, 0, 0, 0, 0, 0, 0, 0, 0, 1800, 0, 2, 0, 3, 0, 0, 'mf5=-15@s4=-20%@', 2, 0, 0, 'Будешь знать, что получается, когда пытаешься съесть кусок хлеба во время боя :)', 0),
(21, 'Ступор', '64', 0, 0, 0, 0, 0, 0, 0, 0, 0, 0, 5400, 0, 2, 0, 3, 0, 0, 's2=-15%@s3=-12%@s5=-2@s6=-12%@', 2, 0, 0, 'Вроде тут, но в тоже время где-то там - далеко... И не понимаешь, почему вокруг люди бегают, суетятся...', 0),
(22, 'Временный паралич конечностей', '65', 0, 0, 0, 0, 0, 0, 0, 0, 0, 0, 25200, 0, 2, 0, 4, 0, 0, 's2=-25%@s3=-15%@s4=-25%@mf4=-45@', 2, 0, 0, 'Остался ты стоять на поле брани, как деревянный истукан... Всеми забытый и никому не нужный...', 0),
(23, 'Заражение крови', '65', 0, 0, 0, 0, 0, 0, 0, 0, 0, 0, 18000, 0, 2, 0, 4, 0, 0, 'hp=-80@ma=-50@kb=20@', 2, 0, 0, 'Перед боем проверяй оружие противника на стерильность ;)', 0),
(24, 'Гематома мышц стопы', '65', 0, 0, 0, 0, 0, 0, 0, 0, 0, 0, 28800, 0, 2, 0, 4, 0, 0, 'mf4=-55@mf1=-25@mf3=-15@s4=-5@', 2, 0, 0, 'Ползи-ползи, родимый! За тобой идут ;)', 0),
(25, 'Смещение коленной чашечки', '65', 0, 0, 0, 0, 0, 0, 0, 0, 0, 0, 14400, 0, 2, 0, 4, 0, 0, 's5=-2@s1=-40%@s6=-35%@mf4=-45@', 2, 0, 0, 'Упал на колени и уполз в неизвестном направлении...', 0),
(26, 'Разрыв сухожилий', '65', 0, 0, 0, 0, 0, 0, 0, 0, 0, 0, 32400, 0, 2, 0, 4, 0, 0, 's2=-40%@s3=-25%@s4=-35%@mf4=-25@', 2, 0, 0, 'Не умеешь двигаться? Запишись в балетную школу! Возможно, там тебя научат...', 0),
(27, 'Перелом ребер', '65', 0, 0, 0, 0, 0, 0, 0, 0, 0, 0, 37800, 0, 2, 0, 4, 0, 0, 'mf1=-25@mf2=-20@mf3=-15@mf4=-20@', 2, 0, 0, 'Кто же в бой без доспехов идет?!', 0),
(28, 'Открытая травма височной части черепа', '65', 0, 0, 0, 0, 0, 0, 0, 0, 0, 0, 36000, 0, 2, 0, 4, 0, 0, 's6=-20%@s5=-4@ma=-40@', 2, 0, 0, 'Хотел защитить себя, а вышло наоборот... Кто же прячет оружие под подушкой?', 0),
(29, 'Раздробление костей конечностей', '66', 0, 0, 0, 0, 0, 0, 0, 0, 0, 0, 55800, 0, 2, 0, 5, 0, 0, 'hp=-80@s1=-35%@s2=-50%@s3=-50%@s4=-45%@s6=-20%@', 2, 0, 0, 'То ли газонокосилкой прошлись, то ли танк проехал... Непонятно...', 0),
(30, 'Множественные переломы позвоночника', '66', 0, 0, 0, 0, 0, 0, 0, 0, 0, 0, 63000, 0, 2, 0, 5, 0, 0, 's2=-65%@s3=-50%@s4=-50%@mf1=-35@mf4=-45@', 2, 0, 0, 'Возомнил себя птицей высокого полета, однако забыл, что рожденный ползать летать не может...', 0),
(31, 'Инсульт', '66', 0, 0, 0, 0, 0, 0, 0, 0, 0, 0, 86400, 0, 2, 0, 5, 0, 0, 's5=-50%@s6=-70%@ma=-100@hp=-50@', 2, 0, 0, 'Меньше кушать жирного, больше двигаться - сердечко слабовато. Еле откачали ;)', 0),
(32, 'Кома', '66', 0, 0, 0, 0, 0, 0, 0, 0, 0, 0, 86400, 0, 2, 0, 5, 0, 0, 's4=-80%@s3=-75%@mf4=-75@hp=-100@', 2, 0, 0, 'Пытались откачать... Диагностировали  клиническую смерть…', 0),
(33, 'Перелом челюсти', '66', 0, 0, 0, 0, 0, 0, 0, 0, 0, 0, 57600, 0, 2, 0, 5, 0, 0, 's3=-45%@s5=-20%@mf1=-65@mf2=-60@mf3=-60@', 2, 0, 0, 'Напал на врага, вцепился зубами в щит... Еле оттащили... Наверное, вкусно было ;)', 0),
(34, 'Сотрясение мозга', '66', 0, 0, 0, 0, 0, 0, 0, 0, 0, 0, 86400, 0, 2, 0, 5, 0, 0, 's1=-35%@s2=-35%@s3=-25%@s5=-45%@s6=-35%@', 2, 0, 0, 'Пытался пробить доспех противника головой, решив, что это подходящий таран...', 0),
(35, 'Выпадение волос', '66', 0, 0, 0, 0, 0, 0, 0, 0, 0, 0, 64800, 0, 2, 0, 5, 0, 0, 's6=-65%@s4=-75%@hp=-50@ma=-40@', 2, 0, 0, 'Интересно, целители Островов научились делать операции по нарашиванию волосяного покрова? :)', 0),
(36, 'Невидимость', '61', 5, 0, 0, 0, 0, 0, 0, 0, 0, 0, 1800, 0, 2, 0, 2, 0, 0, '', 2, 0, 0, 'Вы невидимы', 0),
(37, 'Невидимость', '61', 5, 0, 0, 0, 0, 0, 0, 0, 0, 0, 3600, 0, 2, 0, 2, 0, 0, '', 2, 0, 0, 'Вы невидимы', 0),
(38, 'Невидимость', '61', 5, 0, 0, 0, 0, 0, 0, 0, 0, 0, 7200, 0, 2, 0, 2, 0, 0, '', 2, 0, 0, 'Вы невидимы', 0),
(39, 'Невидимость', '61', 5, 0, 0, 0, 0, 0, 0, 0, 0, 0, 14400, 0, 2, 0, 2, 0, 0, '', 2, 0, 0, 'Вы невидимы', 0),
(40, 'Торговая лицензия', '60', 5, 0, 0, 0, 0, 0, 0, 0, 0, 0, 86400, 0, 2, 0, 6, 0, 0, '', 2, 0, 0, 'Вы можете сдавать вещи в лавку за 99% от стоимости\r\n', 0),
(41, 'Торговая лицензия', '60', 5, 0, 0, 0, 0, 0, 0, 0, 0, 0, 172800, 0, 2, 0, 6, 0, 0, '', 2, 0, 0, 'Вы можете сдавать вещи в лавку за 99% от стоимости', 0),
(42, 'Торговая лицензия', '60', 5, 0, 0, 0, 0, 0, 0, 0, 0, 0, 345600, 0, 2, 0, 6, 0, 0, '', 2, 0, 0, 'Вы можете сдавать вещи в лавку за 99% от стоимости', 0),
(43, 'Нарушение дыхания', '64', 0, 0, 0, 0, 0, 0, 0, 0, 0, 0, 1800, 0, 2, 0, 3, 0, 0, 's2=-25%@mf4=-50@', 2, 0, 0, 'Советую переехать в высотную хижину, на самый последний этаж - отлично потренируешься ;)', 0),
(44, 'Обморок', '64', 0, 0, 0, 0, 0, 0, 0, 0, 0, 0, 1800, 0, 2, 0, 3, 0, 0, 's1=-10%@s2=-10%@s3=-10%@s6=-10%@', 2, 0, 0, 'Нервы, батенька, лечить надо. В боях без крови никак, а если каждый боец в обоморок при ее виде будет падать, никакого нашатыря не напасешься :)', 0),
(45, 'Расширение глазных яблок', '64', 0, 0, 0, 0, 0, 0, 0, 0, 0, 0, 10800, 0, 2, 0, 3, 0, 0, 's2=-20%@mf3=-40@mf5=-50@', 2, 0, 0, 'Ну, что вылупился? Не ожидал, что тебя так легко победят? Готовиться к боям надо, а не с девочками развлекаться!', 0),
(46, 'Галлюцинации', '64', 0, 0, 0, 0, 0, 0, 0, 0, 0, 0, 5400, 0, 2, 0, 3, 0, 0, 'mf3=-50@ma=-20%@', 2, 0, 0, 'Тут к вам зеленые человечки на прием. Пускать? :)', 0),
(47, 'Нарушение координации движения', '64', 0, 0, 0, 0, 0, 0, 0, 0, 0, 0, 2700, 0, 2, 0, 3, 0, 0, 's1=-30%@mf3=-50@s3=-20%@s2=-50%@', 2, 0, 0, 'Мда... Видимо, удар по голове был слишком сильный... Направо - это во-о-от туда :)', 0),
(48, 'Порез языка', '64', 0, 0, 0, 0, 0, 0, 0, 0, 0, 0, 1500, 0, 2, 0, 3, 0, 0, 's4=-40%@mf4=-50@', 2, 0, 0, 'В бою драться надо, а не трепаться о погоде!', 0),
(49, 'Временное слабоумие', '64', 0, 0, 0, 0, 0, 0, 0, 0, 0, 0, 3600, 0, 2, 0, 3, 0, 0, 's5=-40%@s6=-50%@mf1=-40@', 2, 0, 0, 'Бессмысленный взгляд в сторону противника, глупая улыбка и попытка слепить куличик из земли прямо на поле боя - диагноз очевиден :)', 0),
(50, 'Перелом носовой перегородки', '65', 0, 0, 0, 0, 0, 0, 0, 0, 0, 0, 14400, 0, 2, 0, 4, 0, 0, 's3=-50%@mf2=-50@', 2, 0, 0, 'Геройства в темных переулках Метрополиса иногда неуместно... Ты действительно считаешь, что несколько LN стоили опозоренной чести и переломанного носа?', 0),
(51, 'Потеря сознания', '65', 0, 0, 0, 0, 0, 0, 0, 0, 0, 0, 18000, 0, 2, 0, 4, 0, 0, 's1=-40%@s2=-40%@s3=-40%@s6=-40%@', 2, 0, 0, 'Конечно, вид открытого перелома производит не самое приятное впечатление, но пора бы уже привыкнуть...', 0),
(52, 'Открытый перелом предплечья', '65', 0, 0, 0, 0, 0, 0, 0, 0, 0, 0, 36000, 0, 2, 0, 4, 0, 0, 'hp=-50%@s1=-50%@sb2=-50%@', 2, 0, 0, 'Ну что ты смотришь на кость, торчащую из разорванной раны? Кровушка-то течет и течет...', 0),
(53, 'Заклинание молчания', '62', 5, 0, 0, 0, 0, 0, 0, 0, 0, 0, 300, 0, 2, 0, 1, 0, 0, '', 2, 0, 0, 'Вы не можете писать сообщения в чат', 0),
(54, 'Заклинание молчания', '62', 5, 0, 0, 0, 0, 0, 0, 0, 0, 0, 900, 0, 2, 0, 1, 0, 0, '', 2, 0, 0, 'Вы не можете писать сообщения в чат', 0),
(55, 'Заклинание молчания', '62', 5, 0, 0, 0, 0, 0, 0, 0, 0, 0, 1800, 0, 2, 0, 1, 0, 0, '', 2, 0, 0, 'Вы не можете писать сообщения в чат', 0),
(56, 'Помутнение рассудка', '65', 0, 0, 0, 0, 0, 0, 0, 0, 0, 0, 21600, 0, 2, 0, 4, 0, 0, 's5=-50%@s6=-60%@', 2, 0, 0, 'А я сошла-а-а с ума-а! Какая доса-а-ада... Кто здесь?!', 0),
(57, 'Амнезия', '65', 0, 0, 0, 0, 0, 0, 0, 0, 0, 0, 32000, 0, 2, 0, 4, 0, 0, 's1=-40%@mf1=-50@mf3=-50@mf4=-50@', 2, 0, 0, '&quot;Кто я? Где я нахожусь? Почему голый?&quot; - поспрашивай у народа :)', 0),
(58, 'Обострённое косоглазие', '65', 0, 0, 0, 0, 0, 0, 0, 0, 0, 0, 10400, 0, 2, 0, 4, 0, 0, 's1=-30%@mf3=-70@', 2, 0, 0, 'Не стоило так тщательно разглядывать рисунок на молоте врага... Особенно когда он летит вам в голову...', 0),
(59, 'Ранение живота', '65', 0, 0, 0, 0, 0, 0, 0, 0, 0, 0, 36000, 0, 2, 0, 4, 0, 0, 'hp=-50%@s1=-40%@mf1=-40@', 2, 0, 0, 'Зря! Зря ты туда посмотрел... Ну а что теперь? Отвлёкся - получай... Кстати, кровь в баночку собери, может пригодится...', 0),
(60, 'Перелом шейных позвонков', '66', 0, 0, 0, 0, 0, 0, 0, 0, 0, 0, 86400, 0, 2, 0, 5, 0, 0, 's1=-80%@mf2=-70@', 2, 0, 0, 'Отвлекаться на поле боя крайне нежелательно... Этой прописной истине учат с пеленок...', 0),
(61, 'Потеря крови', '66', 0, 0, 0, 0, 0, 0, 0, 0, 0, 0, 43200, 0, 2, 0, 5, 0, 0, 'hp=-70%@s3=-50%@s2=-50%@', 2, 0, 0, 'Иногда кровь из носа тоже может быть поводом для беспокойства ;)', 0),
(62, 'Потеря зрения', '66', 0, 0, 0, 0, 0, 0, 0, 0, 0, 0, 86400, 0, 2, 0, 5, 0, 0, 's4=-50%@s6=-60%@', 2, 0, 0, 'Взглядом бешеной утки с перепоя врага не испугаешь...', 0),
(63, 'Глубокая депрессия', '66', 0, 0, 0, 0, 0, 0, 0, 0, 0, 0, 54000, 0, 2, 0, 5, 0, 0, 's1=-50%@s4=-50%@kb=-40%@', 2, 0, 0, 'Черная полоса, белая полоса, черная полоса, белая полоса, а потом... Все будет хорошо ;)', 0),
(64, 'Бешенство', '66', 0, 0, 0, 0, 0, 0, 0, 0, 0, 0, 59100, 0, 2, 0, 0, 0, 0, 'mf5=-100@s5=-5@', 2, 0, 0, 'Осталось поставить будку, посадить тебя на цепь и повесить табличку &quot;Осторожно, злая собака!&quot;', 0),
(65, 'Смещение поясничных позвонков', '66', 0, 0, 0, 0, 0, 0, 0, 0, 0, 0, 72300, 0, 2, 0, 0, 0, 0, 'mf4=-50@mf1=-90@s4=-90%@', 2, 0, 0, 'Хотел обескуражить противника, станцевав ламбаду… Неудачная попытка ;(', 0),
(66, 'Кровоизлияние в мозг', '66', 0, 0, 0, 0, 0, 0, 0, 0, 0, 0, 86400, 0, 2, 0, 0, 0, 0, 's1=-50%@s2=-50%@s3=-50%@', 2, 0, 0, 'Ну зачем же так напрягаться?... Кровь из ушей в баночку и в банк крови', 0),
(67, 'Теневая аура', '18', 5, 15, 0, 0, 0, 0, 0, 50, 1800, 0, 1800, 0, 0, 2, 0, 25, 0, 'mf1=15@mf2=15@mf4=15@mf5=5@', 0, 0, 1, 'Увеличивает сокрушение,уловку, стойкость и ярость цели', 0),
(68, 'Змеиная кожа', '79', 10, 23, 0, 0, 0, 0, 0, 250, 1800, 0, 1800, 0, 0, 0, 0, 350, 0, 'kb=50%@', 0, 0, 1, 'Увеличивает класс брони колдующего на 50%.', 0),
(69, 'Чума', '92', 8, 30, 0, 0, 0, 0, 0, 70, 0, 3, 0, 3, 1, 2, 0, 100, 0, 's1=-10%@s2=-5%@s3=-10%@s4=-8%@', 0, 0, 1, 'Уменьшает основные параметры цели (сила, реакция, удача, здоровье).', 0),
(70, 'Рубиновый доспех', '08', 5, 20, 0, 0, 0, 0, 0, 100, 300, 0, 300, 0, 0, 0, 0, 40, 0, 'kb=50@', 0, 0, 1, 'увеличивает класс брони цели на 50.', 0),
(71, 'Турбо', '43', 5, 40, 0, 0, 0, 0, 0, 46, 0, 100, 0, 100, 0, 1, 0, 90, 0, 'sm5=0@sb1=15@', 0, 0, 100, 'Древняя магия волхвов', 0),
(72, 'Ночной туман', '15', 5, 37, 0, 0, 0, 0, 0, 210, 300, 0, 300, 0, 0, 2, 2, 90, 0, '', 0, 0, 100, 'Тёмный туман обволакивает членов дружественной команды и делает их невидимыми для окружающих', 0),
(73, 'Выжигание энергии', '10', 10, 45, 0, 0, 0, 0, 0, 180, 0, 3, 0, 3, 1, 0, 0, 350, 0, 's4=-2@s6=-3@hp=-20%@ma=-20%@', 0, 0, 2, 'Выжигает 20% жизненной и магической энергии, а также уменьшает здоровье и Силу воли противников.', 0),
(74, 'Слабость', '85', 0, 0, 0, 0, 0, 0, 0, 0, 0, 2, 0, 2, 1, 0, 0, 0, 0, 's1=-3%@s2=-3%@s3=-3%@s4=0@', 2, 0, 1, '', 0),
(75, 'Отравление', '22', 0, 0, 0, 0, 0, 0, 0, 0, 0, 3, 0, 3, 1, 2, 0, 0, 0, 'hp=-10@', 2, 0, 1, '', 0),
(76, 'Обморожение', '57', 0, 0, 0, 0, 0, 0, 0, 0, 0, 2, 0, 2, 1, 0, 0, 0, 0, 's4=0@s2=-5%@s3=-5%@', 2, 0, 1, '', 0),
(77, 'Мудрость друидов', '80', 8, 25, 0, 0, 0, 0, 0, 100, 1200, 0, 1200, 0, 0, 1, 0, 450, 0, 's6=5@ma=50@s5=1@', 0, 0, 1, 'Увеличивает Силу воли, запас магической энергии и интеллект цели на 20 минут.', 0),
(78, 'Сила природы', '55', 8, 50, 0, 0, 0, 0, 0, 110, 1200, 0, 1200, 0, 0, 1, 0, 450, 0, 's1=5@s2=0@s3=0@hp=20@s4=3@', 0, 0, 1, 'Увеличивает силу, здоровье и запас жизненной энергии цели на 20 минут.', 0),
(79, 'Могильный туман', '45', 8, 27, 0, 0, 0, 0, 0, 100, 0, 2, 0, 2, 1, 2, 0, 380, 0, 's1=-5%@s2=-8%@s3=-8%@hp=-10%@', 0, 0, 2, 'Могильный туман обволакивает противников, уменьшая силу, реакцию, удачу и запас жизненной энергии нескольких целей.', 0),
(80, 'Магнитная волна', '20', 0, 0, 0, 0, 0, 0, 0, 0, 0, 2, 0, 2, 1, 0, 0, 0, 0, 's6=-3%@ma=-5%@', 2, 0, 1, '', 0),
(81, 'Опаляющий ветер', '58', 0, 0, 0, 0, 0, 0, 0, 0, 0, 2, 0, 2, 1, 0, 0, 0, 0, 'mf3=-5%@mf4=-5%@', 2, 0, 2, '', 0),
(82, 'Энергетическая разрядка', '36', 0, 0, 0, 0, 0, 0, 0, 0, 0, 2, 0, 2, 1, 0, 0, 0, 0, 'mf1=-5%@mf4=-5%@mf2=-5%@', 2, 0, 3, '', 0),
(83, 'Мощь драконов', '23', 10, 30, 0, 0, 0, 0, 0, 250, 900, 0, 900, 0, 0, 0, 0, 550, 0, 'udmin=10%@udmax=10%@sp10=10@', 0, 0, 1, 'Древнее заклинание, увеличивающее минимальный и максимальный удар на 10%, а также умение &quot;Охотник&quot; на 10.', 0),
(84, 'Секрет мага', '94', 10, 60, 0, 0, 0, 0, 0, 220, 900, 0, 900, 0, 0, 1, 0, 550, 0, 's6=15%@mf3=10%@sm7=10@', 0, 0, 1, 'Древнее заклинание, увеличивающее Силу воли и точность цели на 10%, а также регенерацию маны на 10.', 0),
(85, 'Ступор', '63', 0, 0, 0, 0, 0, 0, 0, 0, 0, 0, 1800, 0, 2, 0, 17, 0, 0, '', 2, 0, 0, 'Запрещает двигаться в тактическом бою.', 0),
(86, 'Мощь предков', '34', 0, 0, 0, 0, 0, 0, 0, 0, 0, 0, 14400, 0, 0, 0, 0, 0, 0, 's1=10@s2=10@s3=10@s6=10@kb=50@mf1=100@mf2=100@mf3=100@mf4=100@mf5=100@hp=200@', 2, 0, 0, '', 0),
(87, 'Ярость', '78', 0, 0, 0, 0, 0, 0, 0, 0, 0, 0, 1800, 0, 0, 0, 16, 0, 0, 'kb=10@udmin=2@udmax=3@', 2, 0, 0, '', 0),
(88, 'Ментальная защита', '57', 1, 40, 0, 0, 0, 0, 0, 200, 3600, 0, 3600, 0, 0, 0, 0, 1, 0, 'hp=100%@kb=10%@s1=0@', 0, 0, 1, 'Древняя магия защиты', 1)
